<?xml version="1.0" encoding="UTF-8"?>
<!-- Generated by org.testng.reporters.JUnitReportReporter -->
<testsuite hostname="DESKTOP-3GRCN6M" failures="0" tests="2" name="testScript.RechargeTest" time="35.284" errors="0" timestamp="2022-08-31T21:02:38 IST" skipped="0">
  <testcase classname="testScript.RechargeTest" name="homePage" time="23.175"/>
  <system-out/>
  <testcase classname="testScript.RechargeTest" name="paymentPage" time="12.109"/>
  <system-out/>
</testsuite> <!-- testScript.RechargeTest -->
